This is pdfTeX, Version 3.141592653-2.6-1.40.26 (TeX Live 2025/dev/Debian) (preloaded format=pdflatex 2025.10.29)  25 APR 2026 16:39
entering extended mode
 restricted \write18 enabled.
 %&-line parsing enabled.
**list-all-aliases.tex
(./list-all-aliases.tex
LaTeX2e <2024-11-01> patch level 2
L3 programming layer <2025-01-18>
(/usr/share/texlive/texmf-dist/tex/latex/base/article.cls
Document Class: article 2024/06/29 v1.4n Standard LaTeX document class
(/usr/share/texlive/texmf-dist/tex/latex/base/size10.clo
File: size10.clo 2024/06/29 v1.4n Standard LaTeX file (size option)
)
\c@part=\count196
\c@section=\count197
\c@subsection=\count198
\c@subsubsection=\count199
\c@paragraph=\count266
\c@subparagraph=\count267
\c@figure=\count268
\c@table=\count269
\abovecaptionskip=\skip49
\belowcaptionskip=\skip50
\bibindent=\dimen141
)
(/usr/share/texlive/texmf-dist/tex/latex/base/inputenc.sty
Package: inputenc 2024/02/08 v1.3d Input encoding file
\inpenc@prehook=\toks17
\inpenc@posthook=\toks18
)
(/usr/share/texlive/texmf-dist/tex/latex/hyperref/hyperref.sty
Package: hyperref 2024-11-05 v7.01l Hypertext links for LaTeX

(/usr/share/texlive/texmf-dist/tex/generic/iftex/iftex.sty
Package: iftex 2024/12/12 v1.0g TeX engine tests
)
(/usr/share/texlive/texmf-dist/tex/latex/graphics/keyval.sty
Package: keyval 2022/05/29 v1.15 key=value parser (DPC)
\KV@toks@=\toks19
)
(/usr/share/texlive/texmf-dist/tex/latex/kvsetkeys/kvsetkeys.sty
Package: kvsetkeys 2022-10-05 v1.19 Key value parser (HO)
)
(/usr/share/texlive/texmf-dist/tex/generic/kvdefinekeys/kvdefinekeys.sty
Package: kvdefinekeys 2019-12-19 v1.6 Define keys (HO)
)
(/usr/share/texlive/texmf-dist/tex/generic/pdfescape/pdfescape.sty
Package: pdfescape 2019/12/09 v1.15 Implements pdfTeX's escape features (HO)

(/usr/share/texlive/texmf-dist/tex/generic/ltxcmds/ltxcmds.sty
Package: ltxcmds 2023-12-04 v1.26 LaTeX kernel commands for general use (HO)
)
(/usr/share/texlive/texmf-dist/tex/generic/pdftexcmds/pdftexcmds.sty
Package: pdftexcmds 2020-06-27 v0.33 Utility functions of pdfTeX for LuaTeX (HO
)

(/usr/share/texlive/texmf-dist/tex/generic/infwarerr/infwarerr.sty
Package: infwarerr 2019/12/03 v1.5 Providing info/warning/error messages (HO)
)
Package pdftexcmds Info: \pdf@primitive is available.
Package pdftexcmds Info: \pdf@ifprimitive is available.
Package pdftexcmds Info: \pdfdraftmode found.
))
(/usr/share/texlive/texmf-dist/tex/latex/hycolor/hycolor.sty
Package: hycolor 2020-01-27 v1.10 Color options for hyperref/bookmark (HO)
)
(/usr/share/texlive/texmf-dist/tex/latex/hyperref/nameref.sty
Package: nameref 2023-11-26 v2.56 Cross-referencing by name of section

(/usr/share/texlive/texmf-dist/tex/latex/refcount/refcount.sty
Package: refcount 2019/12/15 v3.6 Data extraction from label references (HO)
)
(/usr/share/texlive/texmf-dist/tex/generic/gettitlestring/gettitlestring.sty
Package: gettitlestring 2019/12/15 v1.6 Cleanup title references (HO)

(/usr/share/texlive/texmf-dist/tex/latex/kvoptions/kvoptions.sty
Package: kvoptions 2022-06-15 v3.15 Key value format for package options (HO)
))
\c@section@level=\count270
)
(/usr/share/texlive/texmf-dist/tex/latex/etoolbox/etoolbox.sty
Package: etoolbox 2025/02/11 v2.5l e-TeX tools for LaTeX (JAW)
\etb@tempcnta=\count271
)
(/usr/share/texlive/texmf-dist/tex/generic/stringenc/stringenc.sty
Package: stringenc 2019/11/29 v1.12 Convert strings between diff. encodings (HO
)
)
\@linkdim=\dimen142
\Hy@linkcounter=\count272
\Hy@pagecounter=\count273

(/usr/share/texlive/texmf-dist/tex/latex/hyperref/pd1enc.def
File: pd1enc.def 2024-11-05 v7.01l Hyperref: PDFDocEncoding definition (HO)
Now handling font encoding PD1 ...
... no UTF-8 mapping file for font encoding PD1
)
(/usr/share/texlive/texmf-dist/tex/generic/intcalc/intcalc.sty
Package: intcalc 2019/12/15 v1.3 Expandable calculations with integers (HO)
)
\Hy@SavedSpaceFactor=\count274

(/usr/share/texlive/texmf-dist/tex/latex/hyperref/puenc.def
File: puenc.def 2024-11-05 v7.01l Hyperref: PDF Unicode definition (HO)
Now handling font encoding PU ...
... no UTF-8 mapping file for font encoding PU
)
Package hyperref Info: Hyper figures OFF on input line 4157.
Package hyperref Info: Link nesting OFF on input line 4162.
Package hyperref Info: Hyper index ON on input line 4165.
Package hyperref Info: Plain pages OFF on input line 4172.
Package hyperref Info: Backreferencing OFF on input line 4177.
Package hyperref Info: Implicit mode ON; LaTeX internals redefined.
Package hyperref Info: Bookmarks ON on input line 4424.
\c@Hy@tempcnt=\count275

(/usr/share/texlive/texmf-dist/tex/latex/url/url.sty
\Urlmuskip=\muskip17
Package: url 2013/09/16  ver 3.4  Verb mode for urls, etc.
)
LaTeX Info: Redefining \url on input line 4763.
\XeTeXLinkMargin=\dimen143

(/usr/share/texlive/texmf-dist/tex/generic/bitset/bitset.sty
Package: bitset 2019/12/09 v1.3 Handle bit-vector datatype (HO)

(/usr/share/texlive/texmf-dist/tex/generic/bigintcalc/bigintcalc.sty
Package: bigintcalc 2019/12/15 v1.5 Expandable calculations on big integers (HO
)
))
\Fld@menulength=\count276
\Field@Width=\dimen144
\Fld@charsize=\dimen145
Package hyperref Info: Hyper figures OFF on input line 6042.
Package hyperref Info: Link nesting OFF on input line 6047.
Package hyperref Info: Hyper index ON on input line 6050.
Package hyperref Info: backreferencing OFF on input line 6057.
Package hyperref Info: Link coloring OFF on input line 6062.
Package hyperref Info: Link coloring with OCG OFF on input line 6067.
Package hyperref Info: PDF/A mode OFF on input line 6072.

(/usr/share/texlive/texmf-dist/tex/latex/base/atbegshi-ltx.sty
Package: atbegshi-ltx 2021/01/10 v1.0c Emulation of the original atbegshi
package with kernel methods
)
\Hy@abspage=\count277
\c@Item=\count278
\c@Hfootnote=\count279
)
Package hyperref Info: Driver (autodetected): hpdftex.

(/usr/share/texlive/texmf-dist/tex/latex/hyperref/hpdftex.def
File: hpdftex.def 2024-11-05 v7.01l Hyperref driver for pdfTeX

(/usr/share/texlive/texmf-dist/tex/latex/base/atveryend-ltx.sty
Package: atveryend-ltx 2020/08/19 v1.0a Emulation of the original atveryend pac
kage
with kernel methods
)
\Fld@listcount=\count280
\c@bookmark@seq@number=\count281

(/usr/share/texlive/texmf-dist/tex/latex/rerunfilecheck/rerunfilecheck.sty
Package: rerunfilecheck 2022-07-10 v1.10 Rerun checks for auxiliary files (HO)

(/usr/share/texlive/texmf-dist/tex/generic/uniquecounter/uniquecounter.sty
Package: uniquecounter 2019/12/15 v1.4 Provide unlimited unique counter (HO)
)
Package uniquecounter Info: New unique counter `rerunfilecheck' on input line 2
85.
)
\Hy@SectionHShift=\skip51
)
(/usr/share/texlive/texmf-dist/tex/latex/listings/listings.sty
\lst@mode=\count282
\lst@gtempboxa=\box52
\lst@token=\toks20
\lst@length=\count283
\lst@currlwidth=\dimen146
\lst@column=\count284
\lst@pos=\count285
\lst@lostspace=\dimen147
\lst@width=\dimen148
\lst@newlines=\count286
\lst@lineno=\count287
\lst@maxwidth=\dimen149

(/usr/share/texlive/texmf-dist/tex/latex/listings/lstpatch.sty
File: lstpatch.sty 2024/09/23 1.10c (Carsten Heinz)
)
(/usr/share/texlive/texmf-dist/tex/latex/listings/lstmisc.sty
File: lstmisc.sty 2024/09/23 1.10c (Carsten Heinz)
\c@lstnumber=\count288
\lst@skipnumbers=\count289
\lst@framebox=\box53
)
(/usr/share/texlive/texmf-dist/tex/latex/listings/listings.cfg
File: listings.cfg 2024/09/23 1.10c listings configuration
))
Package: listings 2024/09/23 1.10c (Carsten Heinz)

(/usr/share/texlive/texmf-dist/tex/latex/xcolor/xcolor.sty
Package: xcolor 2024/09/29 v3.02 LaTeX color extensions (UK)

(/usr/share/texlive/texmf-dist/tex/latex/graphics-cfg/color.cfg
File: color.cfg 2016/01/02 v1.6 sample color configuration
)
Package xcolor Info: Driver file: pdftex.def on input line 274.

(/usr/share/texlive/texmf-dist/tex/latex/graphics-def/pdftex.def
File: pdftex.def 2024/04/13 v1.2c Graphics/color driver for pdftex
)
(/usr/share/texlive/texmf-dist/tex/latex/graphics/mathcolor.ltx)
Package xcolor Info: Model `cmy' substituted by `cmy0' on input line 1349.
Package xcolor Info: Model `hsb' substituted by `rgb' on input line 1353.
Package xcolor Info: Model `RGB' extended on input line 1365.
Package xcolor Info: Model `HTML' substituted by `rgb' on input line 1367.
Package xcolor Info: Model `Hsb' substituted by `hsb' on input line 1368.
Package xcolor Info: Model `tHsb' substituted by `hsb' on input line 1369.
Package xcolor Info: Model `HSB' substituted by `hsb' on input line 1370.
Package xcolor Info: Model `Gray' substituted by `gray' on input line 1371.
Package xcolor Info: Model `wave' substituted by `hsb' on input line 1372.
)
(/usr/share/texlive/texmf-dist/tex/latex/enumitem/enumitem.sty
Package: enumitem 2025/02/06 v3.11 Customized lists
\labelindent=\skip52
\enit@outerparindent=\dimen150
\enit@toks=\toks21
\enit@inbox=\box54
\enit@count@id=\count290
\enitdp@description=\count291
)
(/usr/share/texlive/texmf-dist/tex/latex/l3backend/l3backend-pdftex.def
File: l3backend-pdftex.def 2024-05-08 L3 backend support: PDF output (pdfTeX)
\l__color_backend_stack_int=\count292
\l__pdf_internal_box=\box55
)
No file list-all-aliases.aux.
\openout1 = `list-all-aliases.aux'.

LaTeX Font Info:    Checking defaults for OML/cmm/m/it on input line 19.
LaTeX Font Info:    ... okay on input line 19.
LaTeX Font Info:    Checking defaults for OMS/cmsy/m/n on input line 19.
LaTeX Font Info:    ... okay on input line 19.
LaTeX Font Info:    Checking defaults for OT1/cmr/m/n on input line 19.
LaTeX Font Info:    ... okay on input line 19.
LaTeX Font Info:    Checking defaults for T1/cmr/m/n on input line 19.
LaTeX Font Info:    ... okay on input line 19.
LaTeX Font Info:    Checking defaults for TS1/cmr/m/n on input line 19.
LaTeX Font Info:    ... okay on input line 19.
LaTeX Font Info:    Checking defaults for OMX/cmex/m/n on input line 19.
LaTeX Font Info:    ... okay on input line 19.
LaTeX Font Info:    Checking defaults for U/cmr/m/n on input line 19.
LaTeX Font Info:    ... okay on input line 19.
LaTeX Font Info:    Checking defaults for PD1/pdf/m/n on input line 19.
LaTeX Font Info:    ... okay on input line 19.
LaTeX Font Info:    Checking defaults for PU/pdf/m/n on input line 19.
LaTeX Font Info:    ... okay on input line 19.
Package hyperref Info: Link coloring OFF on input line 19.
\@outlinefile=\write3
\openout3 = `list-all-aliases.out'.

\c@lstlisting=\count293
(/usr/share/texlive/texmf-dist/tex/context/base/mkii/supp-pdf.mkii
[Loading MPS to PDF converter (version 2006.09.02).]
\scratchcounter=\count294
\scratchdimen=\dimen151
\scratchbox=\box56
\nofMPsegments=\count295
\nofMParguments=\count296
\everyMPshowfont=\toks22
\MPscratchCnt=\count297
\MPscratchDim=\dimen152
\MPnumerator=\count298
\makeMPintoPDFobject=\count299
\everyMPtoPDFconversion=\toks23
)

[1

{/var/lib/texmf/fonts/map/pdftex/updmap/pdftex.map}{/usr/share/texmf/fonts/enc/
dvips/cm-super/cm-super-ts1.enc}]
LaTeX Font Info:    Trying to load font information for OMS+cmtt on input line 
54.

(/usr/share/texmf/tex/latex/R/tex/latex/omscmtt.fd
File: omscmtt.fd 
)
LaTeX Font Info:    Font shape `OMS/cmtt/m/n' in size <10> not available
(Font)              Font shape `OMS/cmsy/m/n' tried instead on input line 54.

Overfull \hbox (23.05466pt too wide) in paragraph at lines 54--55
[]\OT1/cmtt/m/n/10 bash -c 'shell[]conf=\TS1/cmtt/m/n/10 $\OMS/cmsy/m/n/10 f\OT
1/cmtt/m/n/10 1:-~/.bashrc\OMS/cmsy/m/n/10 g\OT1/cmtt/m/n/10 ; if [ -f "\TS1/cm
tt/m/n/10 $\OT1/cmtt/m/n/10 shell[]conf" ]; then
 []


Overfull \hbox (23.52614pt too wide) in paragraph at lines 54--55
\OT1/cmtt/m/n/10 grep -E "^alias\OMS/cmsy/m/n/10 nfg\OT1/cmtt/m/n/10 s" "\TS1/c
mtt/m/n/10 $\OT1/cmtt/m/n/10 shell[]conf" | sed "s/^alias\OMS/cmsy/m/n/10 nfg\O
T1/cmtt/m/n/10 s*//" | while
 []


Overfull \hbox (19.77458pt too wide) in paragraph at lines 54--55
\OT1/cmtt/m/n/10 IFS= read -r line; do alias[]name=\TS1/cmtt/m/n/10 $\OT1/cmtt/
m/n/10 (echo "\TS1/cmtt/m/n/10 $\OT1/cmtt/m/n/10 line" | cut -d"=" -f1);
 []


Overfull \hbox (388.77348pt too wide) in paragraph at lines 54--55
\OT1/cmtt/m/n/10 alias[]cmd=\TS1/cmtt/m/n/10 $\OT1/cmtt/m/n/10 (echo "\TS1/cmtt
/m/n/10 $\OT1/cmtt/m/n/10 line" | cut -d"=" -f2- | sed "s/^\OMS/cmsy/m/n/10 nfg
\OT1/cmtt/m/n/10 (\OMS/cmsy/m/n/10 nfg\OT1/cmtt/m/n/10 s\OMS/cmsy/m/n/10 nfg\OT
1/cmtt/m/n/10 )*\OMS/cmsy/m/n/10 nfg\OT1/cmtt/m/n/10 (\OMS/cmsy/m/n/10 nfg\OT1/
cmtt/m/n/10 "\OMS/cmsy/m/n/10 nfg\OT1/cmtt/m/n/10 |\OMS/cmsy/m/n/10 nfg\OT1/cmt
t/m/n/10 '\OMS/cmsy/m/n/10 nfg\OT1/cmtt/m/n/10 )\OMS/cmsy/m/n/10 nfg\OT1/cmtt/m
/n/10 (.*\OMS/cmsy/m/n/10 nfg\OT1/cmtt/m/n/10 )\OMS/cmsy/m/n/10 nfg\OT1/cmtt/m/
n/10 (\OMS/cmsy/m/n/10 nfg\OT1/cmtt/m/n/10 "\OMS/cmsy/m/n/10 nfg\OT1/cmtt/m/n/1
0 |\OMS/cmsy/m/n/10 nfg\OT1/cmtt/m/n/10 '\OMS/cmsy/m/n/10 nfg\OT1/cmtt/m/n/10 )
\OMS/cmsy/m/n/10 nfg\OT1/cmtt/m/n/10 (\OMS/cmsy/m/n/10 nfg\OT1/cmtt/m/n/10 s\OM
S/cmsy/m/n/10 nfg\OT1/cmtt/m/n/10 )*\TS1/cmtt/m/n/10 $\OT1/cmtt/m/n/10 /\OMS/cm
sy/m/n/10 nfg\OT1/cmtt/m/n/10 3/");
 []


Overfull \hbox (22.74792pt too wide) in paragraph at lines 54--55
\OT1/cmtt/m/n/10 printf "\OMS/cmsy/m/n/10 nfg\OT1/cmtt/m/n/10 033[1;34m%-20s\OM
S/cmsy/m/n/10 nfg\OT1/cmtt/m/n/10 033[0m -> \OMS/cmsy/m/n/10 nfg\OT1/cmtt/m/n/1
0 033[1;32m%s\OMS/cmsy/m/n/10 nfg\OT1/cmtt/m/n/10 033[0m\OMS/cmsy/m/n/10 nfg\OT
1/cmtt/m/n/10 n"
 []


Overfull \hbox (7.80467pt too wide) in paragraph at lines 54--55
\OT1/cmtt/m/n/10 "\TS1/cmtt/m/n/10 $\OT1/cmtt/m/n/10 alias[]name" "\TS1/cmtt/m/
n/10 $\OT1/cmtt/m/n/10 alias[]cmd"; done; else echo "Configuration file
 []


Overfull \hbox (23.05466pt too wide) in paragraph at lines 55--56
[]\OT1/cmtt/m/n/10 bash -c 'shell[]conf=\TS1/cmtt/m/n/10 $\OMS/cmsy/m/n/10 f\OT
1/cmtt/m/n/10 1:-~/.bashrc\OMS/cmsy/m/n/10 g\OT1/cmtt/m/n/10 ; if [ -f "\TS1/cm
tt/m/n/10 $\OT1/cmtt/m/n/10 shell[]conf" ]; then
 []


Overfull \hbox (23.52614pt too wide) in paragraph at lines 55--56
\OT1/cmtt/m/n/10 grep -E "^alias\OMS/cmsy/m/n/10 nfg\OT1/cmtt/m/n/10 s" "\TS1/c
mtt/m/n/10 $\OT1/cmtt/m/n/10 shell[]conf" | sed "s/^alias\OMS/cmsy/m/n/10 nfg\O
T1/cmtt/m/n/10 s*//" | while
 []


Overfull \hbox (19.77458pt too wide) in paragraph at lines 55--56
\OT1/cmtt/m/n/10 IFS= read -r line; do alias[]name=\TS1/cmtt/m/n/10 $\OT1/cmtt/
m/n/10 (echo "\TS1/cmtt/m/n/10 $\OT1/cmtt/m/n/10 line" | cut -d"=" -f1);
 []


Overfull \hbox (388.77348pt too wide) in paragraph at lines 55--56
\OT1/cmtt/m/n/10 alias[]cmd=\TS1/cmtt/m/n/10 $\OT1/cmtt/m/n/10 (echo "\TS1/cmtt
/m/n/10 $\OT1/cmtt/m/n/10 line" | cut -d"=" -f2- | sed "s/^\OMS/cmsy/m/n/10 nfg
\OT1/cmtt/m/n/10 (\OMS/cmsy/m/n/10 nfg\OT1/cmtt/m/n/10 s\OMS/cmsy/m/n/10 nfg\OT
1/cmtt/m/n/10 )*\OMS/cmsy/m/n/10 nfg\OT1/cmtt/m/n/10 (\OMS/cmsy/m/n/10 nfg\OT1/
cmtt/m/n/10 "\OMS/cmsy/m/n/10 nfg\OT1/cmtt/m/n/10 |\OMS/cmsy/m/n/10 nfg\OT1/cmt
t/m/n/10 '\OMS/cmsy/m/n/10 nfg\OT1/cmtt/m/n/10 )\OMS/cmsy/m/n/10 nfg\OT1/cmtt/m
/n/10 (.*\OMS/cmsy/m/n/10 nfg\OT1/cmtt/m/n/10 )\OMS/cmsy/m/n/10 nfg\OT1/cmtt/m/
n/10 (\OMS/cmsy/m/n/10 nfg\OT1/cmtt/m/n/10 "\OMS/cmsy/m/n/10 nfg\OT1/cmtt/m/n/1
0 |\OMS/cmsy/m/n/10 nfg\OT1/cmtt/m/n/10 '\OMS/cmsy/m/n/10 nfg\OT1/cmtt/m/n/10 )
\OMS/cmsy/m/n/10 nfg\OT1/cmtt/m/n/10 (\OMS/cmsy/m/n/10 nfg\OT1/cmtt/m/n/10 s\OM
S/cmsy/m/n/10 nfg\OT1/cmtt/m/n/10 )*\TS1/cmtt/m/n/10 $\OT1/cmtt/m/n/10 /\OMS/cm
sy/m/n/10 nfg\OT1/cmtt/m/n/10 3/");
 []


Overfull \hbox (22.74792pt too wide) in paragraph at lines 55--56
\OT1/cmtt/m/n/10 printf "\OMS/cmsy/m/n/10 nfg\OT1/cmtt/m/n/10 033[1;34m%-20s\OM
S/cmsy/m/n/10 nfg\OT1/cmtt/m/n/10 033[0m -> \OMS/cmsy/m/n/10 nfg\OT1/cmtt/m/n/1
0 033[1;32m%s\OMS/cmsy/m/n/10 nfg\OT1/cmtt/m/n/10 033[0m\OMS/cmsy/m/n/10 nfg\OT
1/cmtt/m/n/10 n"
 []


Overfull \hbox (7.80467pt too wide) in paragraph at lines 55--56
\OT1/cmtt/m/n/10 "\TS1/cmtt/m/n/10 $\OT1/cmtt/m/n/10 alias[]name" "\TS1/cmtt/m/
n/10 $\OT1/cmtt/m/n/10 alias[]cmd"; done; else echo "Configuration file
 []


Overfull \hbox (8.77603pt too wide) in paragraph at lines 56--57
[]\OT1/cmtt/m/n/10 alias list-aliases='bash -c '"'"'shell[]conf=\TS1/cmtt/m/n/1
0 $\OMS/cmsy/m/n/10 f\OT1/cmtt/m/n/10 1:-~/.bashrc\OMS/cmsy/m/n/10 g\OT1/cmtt/m
/n/10 ; if
 []


Overfull \hbox (7.05486pt too wide) in paragraph at lines 56--57
\OT1/cmtt/m/n/10 [ -f "\TS1/cmtt/m/n/10 $\OT1/cmtt/m/n/10 shell[]conf" ]; then 
grep -E "^alias\OMS/cmsy/m/n/10 nfg\OT1/cmtt/m/n/10 s" "\TS1/cmtt/m/n/10 $\OT1/
cmtt/m/n/10 shell[]conf" |
 []


Overfull \hbox (40.02582pt too wide) in paragraph at lines 56--57
\OT1/cmtt/m/n/10 sed "s/^alias\OMS/cmsy/m/n/10 nfg\OT1/cmtt/m/n/10 s*//" | whil
e IFS= read -r line; do alias[]name=\TS1/cmtt/m/n/10 $\OT1/cmtt/m/n/10 (echo
 []


Overfull \hbox (4.02348pt too wide) in paragraph at lines 56--57
\OT1/cmtt/m/n/10 "\TS1/cmtt/m/n/10 $\OT1/cmtt/m/n/10 line" | cut -d"=" -f1); al
ias[]cmd=\TS1/cmtt/m/n/10 $\OT1/cmtt/m/n/10 (echo "\TS1/cmtt/m/n/10 $\OT1/cmtt/
m/n/10 line" | cut -d"="
 []


Overfull \hbox (195.99765pt too wide) in paragraph at lines 56--57
\OT1/cmtt/m/n/10 -f2- | sed "s/^\OMS/cmsy/m/n/10 nfg\OT1/cmtt/m/n/10 (\OMS/cmsy
/m/n/10 nfg\OT1/cmtt/m/n/10 s\OMS/cmsy/m/n/10 nfg\OT1/cmtt/m/n/10 )*\OMS/cmsy/m
/n/10 nfg\OT1/cmtt/m/n/10 (\OMS/cmsy/m/n/10 nfg\OT1/cmtt/m/n/10 "\OMS/cmsy/m/n/
10 nfg\OT1/cmtt/m/n/10 |\OMS/cmsy/m/n/10 nfg\OT1/cmtt/m/n/10 '\OMS/cmsy/m/n/10 
nfg\OT1/cmtt/m/n/10 )\OMS/cmsy/m/n/10 nfg\OT1/cmtt/m/n/10 (.*\OMS/cmsy/m/n/10 n
fg\OT1/cmtt/m/n/10 )\OMS/cmsy/m/n/10 nfg\OT1/cmtt/m/n/10 (\OMS/cmsy/m/n/10 nfg\
OT1/cmtt/m/n/10 "\OMS/cmsy/m/n/10 nfg\OT1/cmtt/m/n/10 |\OMS/cmsy/m/n/10 nfg\OT1
/cmtt/m/n/10 '\OMS/cmsy/m/n/10 nfg\OT1/cmtt/m/n/10 )\OMS/cmsy/m/n/10 nfg\OT1/cm
tt/m/n/10 (\OMS/cmsy/m/n/10 nfg\OT1/cmtt/m/n/10 s\OMS/cmsy/m/n/10 nfg\OT1/cmtt/
m/n/10 )*\TS1/cmtt/m/n/10 $\OT1/cmtt/m/n/10 /\OMS/cmsy/m/n/10 nfg\OT1/cmtt/m/n/
10 3/");
 []


Overfull \hbox (22.74792pt too wide) in paragraph at lines 56--57
\OT1/cmtt/m/n/10 printf "\OMS/cmsy/m/n/10 nfg\OT1/cmtt/m/n/10 033[1;34m%-20s\OM
S/cmsy/m/n/10 nfg\OT1/cmtt/m/n/10 033[0m -> \OMS/cmsy/m/n/10 nfg\OT1/cmtt/m/n/1
0 033[1;32m%s\OMS/cmsy/m/n/10 nfg\OT1/cmtt/m/n/10 033[0m\OMS/cmsy/m/n/10 nfg\OT
1/cmtt/m/n/10 n"
 []


Overfull \hbox (7.80467pt too wide) in paragraph at lines 56--57
\OT1/cmtt/m/n/10 "\TS1/cmtt/m/n/10 $\OT1/cmtt/m/n/10 alias[]name" "\TS1/cmtt/m/
n/10 $\OT1/cmtt/m/n/10 alias[]cmd"; done; else echo "Configuration file
 []


! LaTeX Error: Unicode character ^^[ (U+001B)
               not set up for use with LaTeX.

See the LaTeX manual or LaTeX Companion for explanation.
Type  H <return>  for immediate help.
 ...                                              
                                                  
l.61 ^^[
        [1;34mll                  ^^[[0m -> ^^[[1;32mls -la^^[[0m 
Here is how much of TeX's memory you used:
 10535 strings out of 475117
 160067 string characters out of 5764742
 735597 words of memory out of 5000000
 33463 multiletter control sequences out of 15000+600000
 560679 words of font info for 43 fonts, out of 8000000 for 9000
 38 hyphenation exceptions out of 8191
 75i,5n,79p,1148b,1101s stack positions out of 10000i,1000n,20000p,200000b,200000s

!  ==> Fatal error occurred, no output PDF file produced!
